<?xml version='1.0' encoding='UTF-8'?>
<result>
  <suites>
    <suite>
      <file>/Users/joeljohnson/Development/java/jenkins/PipelineDashboard/work/workspace/One/failures.xml</file>
      <name>(failures.xml)</name>
      <duration>0.0</duration>
      <cases>
        <case>
          <duration>0.0</duration>
          <className>foo</className>
          <testName>ASuccessfulTest</testName>
          <skipped>false</skipped>
          <failedSince>0</failedSince>
        </case>
        <case>
          <duration>0.0</duration>
          <className>foo</className>
          <testName>AnotherSuccessfulTest</testName>
          <skipped>false</skipped>
          <failedSince>0</failedSince>
        </case>
        <case>
          <duration>0.0</duration>
          <className>foo</className>
          <testName>AFailingTest</testName>
          <skipped>false</skipped>
          <errorStackTrace> details about failure </errorStackTrace>
          <failedSince>0</failedSince>
        </case>
      </cases>
    </suite>
  </suites>
  <duration>0.0</duration>
  <keepLongStdio>false</keepLongStdio>
</result>